shootDemo/Space Shooter/build/outputs/logs/manifest-merger-debug-report.txt
-- Merging decision tree log ---
manifest
ADDED from src\main\AndroidManifest.xml:2:1-17:12
	package
		ADDED from src\main\AndroidManifest.xml:2:70-99
	android:versionName
		ADDED from src\main\AndroidManifest.xml:2:100-125
		INJECTED from src\main\AndroidManifest.xml
		INJECTED from src\main\AndroidManifest.xml
	android:versionCode
		ADDED from src\main\AndroidManifest.xml:2:126-149
		INJECTED from src\main\AndroidManifest.xml
		INJECTED from src\main\AndroidManifest.xml
	xmlns:android
		ADDED from src\main\AndroidManifest.xml:2:11-69
	android:installLocation
		ADDED from src\main\AndroidManifest.xml:2:150-190
uses-sdk
ADDED from src\main\AndroidManifest.xml:3:3-72
MERGED from [:wsLoginAndPaySDK-release:] AndroidManifest.xml:5:5-7:41
	android:targetSdkVersion
		ADDED from src\main\AndroidManifest.xml:3:40-69
		INJECTED from src\main\AndroidManifest.xml
		INJECTED from src\main\AndroidManifest.xml
	android:minSdkVersion
		ADDED from src\main\AndroidManifest.xml:3:13-39
application
ADDED from src\main\AndroidManifest.xml:4:3-12:17
MERGED from [:wsLoginAndPaySDK-release:] AndroidManifest.xml:9:5-24:19
	android:label
		ADDED from src\main\AndroidManifest.xml:4:43-75
	android:supportsRtl
		ADDED from src\main\AndroidManifest.xml:4:76-102
	android:allowBackup
		ADDED from src\main\AndroidManifest.xml:4:16-42
	android:banner
		ADDED from src\main\AndroidManifest.xml:4:125-162
	android:isGame
		ADDED from src\main\AndroidManifest.xml:4:103-124
	android:name
		ADDED from src\main\AndroidManifest.xml:4:163-213
activity#com.wesai.shootDemo.UnityPlayerActivity
ADDED from src\main\AndroidManifest.xml:5:5-11:16
	android:name
		ADDED from src\main\AndroidManifest.xml:5:15-69
intent-filter#android.intent.action.MAIN+android.intent.category.LAUNCHER+android.intent.category.LEANBACK_LAUNCHER
ADDED from src\main\AndroidManifest.xml:6:7-10:23
action#android.intent.action.MAIN
ADDED from src\main\AndroidManifest.xml:7:9-61
	android:name
		ADDED from src\main\AndroidManifest.xml:7:17-58
category#android.intent.category.LAUNCHER
ADDED from src\main\AndroidManifest.xml:8:9-69
	android:name
		ADDED from src\main\AndroidManifest.xml:8:19-66
category#android.intent.category.LEANBACK_LAUNCHER
ADDED from src\main\AndroidManifest.xml:9:9-78
	android:name
		ADDED from src\main\AndroidManifest.xml:9:19-75
uses-feature#0x00020000
ADDED from src\main\AndroidManifest.xml:13:3-52
	android:glEsVersion
		ADDED from src\main\AndroidManifest.xml:13:17-49
uses-feature#android.hardware.touchscreen
ADDED from src\main\AndroidManifest.xml:14:3-88
	android:required
		ADDED from src\main\AndroidManifest.xml:14:61-85
	android:name
		ADDED from src\main\AndroidManifest.xml:14:17-60
uses-feature#android.hardware.touchscreen.multitouch
ADDED from src\main\AndroidManifest.xml:15:3-99
	android:required
		ADDED from src\main\AndroidManifest.xml:15:72-96
	android:name
		ADDED from src\main\AndroidManifest.xml:15:17-71
uses-feature#android.hardware.touchscreen.multitouch.distinct
ADDED from src\main\AndroidManifest.xml:16:3-108
	android:required
		ADDED from src\main\AndroidManifest.xml:16:81-105
	android:name
		ADDED from src\main\AndroidManifest.xml:16:17-80
activity#com.wesai.paysdk.activity.HicardIntroductionActivity
ADDED from [:wsLoginAndPaySDK-release:] AndroidManifest.xml:13:9-16:52
	android:screenOrientation
		ADDED from [:wsLoginAndPaySDK-release:] AndroidManifest.xml:16:13-49
	android:configChanges
		ADDED from [:wsLoginAndPaySDK-release:] AndroidManifest.xml:15:13-74
	android:name
		ADDED from [:wsLoginAndPaySDK-release:] AndroidManifest.xml:14:13-80
activity#com.wesai.login.activity.LoginActivity
ADDED from [:wsLoginAndPaySDK-release:] AndroidManifest.xml:17:9-20:51
	android:launchMode
		ADDED from [:wsLoginAndPaySDK-release:] AndroidManifest.xml:20:13-48
	android:configChanges
		ADDED from [:wsLoginAndPaySDK-release:] AndroidManifest.xml:19:13-74
	android:name
		ADDED from [:wsLoginAndPaySDK-release:] AndroidManifest.xml:18:13-66
activity#com.wesai.login.activity.LoginBindActivity
ADDED from [:wsLoginAndPaySDK-release:] AndroidManifest.xml:21:9-23:77
	android:configChanges
		ADDED from [:wsLoginAndPaySDK-release:] AndroidManifest.xml:23:13-74
	android:name
		ADDED from [:wsLoginAndPaySDK-release:] AndroidManifest.xml:22:13-70